<?xml version="1.0" encoding="UTF-8"?>
<!-- Generated by org.testng.reporters.JUnitXMLReporter -->
<testsuite ignored="0" hostname="LAIMUMLT9002" failures="0" tests="4" name="Test" time="5.569" errors="0" timestamp="2024-05-01T16:21:24 IST">
  <testcase classname="APIChaining.CreateUser" name="test_createUser" time="4.552"/>
  <testcase classname="APIChaining.ViewUser" name="test_viewUser" time="0.364"/>
  <testcase classname="APIChaining.UpdateUser" name="test_updateUser" time="0.284"/>
  <testcase classname="APIChaining.DeleteUser" name="test_deleteUser" time="0.266"/>
</testsuite> <!-- Test -->
