<?xml version="1.0" encoding="UTF-8"?>
<testng-results ignored="0" total="4" passed="4" failed="0" skipped="0">
  <reporter-output>
  </reporter-output>
  <suite started-at="2024-05-06T16:32:18 IST" name="Default suite" finished-at="2024-05-06T16:32:23 IST" duration-ms="5071">
    <groups>
    </groups>
    <test started-at="2024-05-06T16:32:18 IST" name="Default test" finished-at="2024-05-06T16:32:23 IST" duration-ms="5071">
      <class name="RequestAndResponseSpecificationBuilder.ReqSpec">
        <test-method signature="normalPostStudent()[pri:1, instance:RequestAndResponseSpecificationBuilder.ReqSpec@d5b810e]" started-at="2024-05-06T16:32:18 IST" name="normalPostStudent" finished-at="2024-05-06T16:32:20 IST" duration-ms="2563" status="PASS">
          <reporter-output>
          </reporter-output>
        </test-method> <!-- normalPostStudent -->
        <test-method signature="postReqSpec()[pri:2, instance:RequestAndResponseSpecificationBuilder.ReqSpec@d5b810e]" started-at="2024-05-06T16:32:20 IST" name="postReqSpec" finished-at="2024-05-06T16:32:21 IST" duration-ms="1080" status="PASS">
          <reporter-output>
          </reporter-output>
        </test-method> <!-- postReqSpec -->
        <test-method signature="postPoJoReqSpec()[pri:3, instance:RequestAndResponseSpecificationBuilder.ReqSpec@d5b810e]" started-at="2024-05-06T16:32:21 IST" name="postPoJoReqSpec" finished-at="2024-05-06T16:32:22 IST" duration-ms="1017" status="PASS">
          <reporter-output>
          </reporter-output>
        </test-method> <!-- postPoJoReqSpec -->
        <test-method signature="getPoJoResSpec()[pri:4, instance:RequestAndResponseSpecificationBuilder.ReqSpec@d5b810e]" started-at="2024-05-06T16:32:22 IST" name="getPoJoResSpec" finished-at="2024-05-06T16:32:23 IST" duration-ms="284" status="PASS">
          <reporter-output>
          </reporter-output>
        </test-method> <!-- getPoJoResSpec -->
      </class> <!-- RequestAndResponseSpecificationBuilder.ReqSpec -->
    </test> <!-- Default test -->
  </suite> <!-- Default suite -->
</testng-results>
